<?xml version="1.0" encoding="UTF-8"?>
<testsuite xmlns:xsi="http://www.w3.org/2001/XMLSchema-instance" xsi:noNamespaceSchemaLocation="https://maven.apache.org/surefire/maven-surefire-plugin/xsd/surefire-test-report.xsd" name="TestSuite" time="7.201" tests="2" errors="0" skipped="0" failures="2">
  <properties>
[...]
</properties>
  <testcase name="runScenario" classname="TestRunner" time="3.239">
    <failure message="Unable to provision, see the following errors:&#10;&#10;1) Error injecting constructor, org.openqa.selenium.remote.UnreachableBrowserException: Could not start a new session. Possible causes are invalid address of the remote server or browser start-up failure.&#10;Build info: version: &apos;3.141.5&apos;, revision: &apos;d54ebd709a&apos;, time: &apos;2018-11-06T11:42:16&apos;&#10;System info: host: &apos;d40253352aaf&apos;, ip: &apos;172.17.0.2&apos;, os.name: &apos;Linux&apos;, os.arch: &apos;amd64&apos;, os.version: &apos;5.10.76-linuxkit&apos;, java.version: &apos;11.0.12&apos;&#10;Driver info: driver.version: RemoteDriver&#10;  at test.framework.Initialization.&lt;init&gt;(Initialization.java:11)&#10;  at test.framework.Initialization.class(Initialization.java:11)&#10;  while locating test.framework.Initialization&#10;    for field at stepdefs.AdditionalTaskSteps.initialization(AdditionalTaskSteps.java:15)&#10;  while locating stepdefs.AdditionalTaskSteps&#10;&#10;1 error" type="com.google.inject.ProvisionException"><![CDATA[com.google.inject.ProvisionException: 
Unable to provision, see the following errors:

1) Error injecting constructor, org.openqa.selenium.remote.UnreachableBrowserException: Could not start a new session. Possible causes are invalid address of the remote server or browser start-up failure.
Build info: version: '3.141.5', revision: 'd54ebd709a', time: '2018-11-06T11:42:16'
System info: host: 'd40253352aaf', ip: '172.17.0.2', os.name: 'Linux', os.arch: 'amd64', os.version: '5.10.76-linuxkit', java.version: '11.0.12'
Driver info: driver.version: RemoteDriver
  at test.framework.Initialization.<init>(Initialization.java:11)
  at test.framework.Initialization.class(Initialization.java:11)
  while locating test.framework.Initialization
    for field at stepdefs.AdditionalTaskSteps.initialization(AdditionalTaskSteps.java:15)
  while locating stepdefs.AdditionalTaskSteps

1 error
Caused by: org.openqa.selenium.remote.UnreachableBrowserException: 
Could not start a new session. Possible causes are invalid address of the remote server or browser start-up failure.
Build info: version: '3.141.5', revision: 'd54ebd709a', time: '2018-11-06T11:42:16'
System info: host: 'd40253352aaf', ip: '172.17.0.2', os.name: 'Linux', os.arch: 'amd64', os.version: '5.10.76-linuxkit', java.version: '11.0.12'
Driver info: driver.version: RemoteDriver
Caused by: java.net.ConnectException: Failed to connect to localhost/127.0.0.1:4444
Caused by: java.net.ConnectException: Connection refused (Connection refused)
]]></failure>
    <system-err><![CDATA[Dec 18, 2021 12:54:47 PM io.cucumber.core.options.CucumberPropertiesParser parse
WARNING: Passing commandline options via the property `cucumber.options` has been deprecatedin favour of explicitly using property names.
Please use these instead: [cucumber.ansi-colors.disabled, cucumber.execution.dry-run, cucumber.execution.limit, cucumber.execution.order, cucumber.execution.strict, cucumber.execution.wip, cucumber.features, cucumber.filter.name, cucumber.filter.tags, cucumber.glue, cucumber.object-factory, cucumber.plugin, cucumber.snippet-type]
Dec 18, 2021 12:54:47 PM io.cucumber.testng.TestNGCucumberRunner <init>
WARNING: By default Cucumber is running in --non-strict mode.
This default will change to --strict and --non-strict will be removed.
You can use --strict or @CucumberOptions(strict = true) to suppress this warning
SLF4J: Failed to load class "org.slf4j.impl.StaticLoggerBinder".
SLF4J: Defaulting to no-operation (NOP) logger implementation
SLF4J: See http://www.slf4j.org/codes.html#StaticLoggerBinder for further details.
]]></system-err>
  </testcase>
  <testcase name="runScenario" classname="TestRunner" time="3.25">
    <failure message="Unable to provision, see the following errors:&#10;&#10;1) Error injecting constructor, org.openqa.selenium.remote.UnreachableBrowserException: Could not start a new session. Possible causes are invalid address of the remote server or browser start-up failure.&#10;Build info: version: &apos;3.141.5&apos;, revision: &apos;d54ebd709a&apos;, time: &apos;2018-11-06T11:42:16&apos;&#10;System info: host: &apos;d40253352aaf&apos;, ip: &apos;172.17.0.2&apos;, os.name: &apos;Linux&apos;, os.arch: &apos;amd64&apos;, os.version: &apos;5.10.76-linuxkit&apos;, java.version: &apos;11.0.12&apos;&#10;Driver info: driver.version: RemoteDriver&#10;  at test.framework.Initialization.&lt;init&gt;(Initialization.java:11)&#10;  at test.framework.Initialization.class(Initialization.java:11)&#10;  while locating test.framework.Initialization&#10;    for field at stepdefs.AdditionalTaskSteps.initialization(AdditionalTaskSteps.java:15)&#10;  while locating stepdefs.AdditionalTaskSteps&#10;&#10;1 error" type="com.google.inject.ProvisionException"><![CDATA[com.google.inject.ProvisionException: 
Unable to provision, see the following errors:

1) Error injecting constructor, org.openqa.selenium.remote.UnreachableBrowserException: Could not start a new session. Possible causes are invalid address of the remote server or browser start-up failure.
Build info: version: '3.141.5', revision: 'd54ebd709a', time: '2018-11-06T11:42:16'
System info: host: 'd40253352aaf', ip: '172.17.0.2', os.name: 'Linux', os.arch: 'amd64', os.version: '5.10.76-linuxkit', java.version: '11.0.12'
Driver info: driver.version: RemoteDriver
  at test.framework.Initialization.<init>(Initialization.java:11)
  at test.framework.Initialization.class(Initialization.java:11)
  while locating test.framework.Initialization
    for field at stepdefs.AdditionalTaskSteps.initialization(AdditionalTaskSteps.java:15)
  while locating stepdefs.AdditionalTaskSteps

1 error
Caused by: org.openqa.selenium.remote.UnreachableBrowserException: 
Could not start a new session. Possible causes are invalid address of the remote server or browser start-up failure.
Build info: version: '3.141.5', revision: 'd54ebd709a', time: '2018-11-06T11:42:16'
System info: host: 'd40253352aaf', ip: '172.17.0.2', os.name: 'Linux', os.arch: 'amd64', os.version: '5.10.76-linuxkit', java.version: '11.0.12'
Driver info: driver.version: RemoteDriver
Caused by: java.net.ConnectException: Failed to connect to localhost/127.0.0.1:4444
Caused by: java.net.ConnectException: Connection refused (Connection refused)
]]></failure>
  </testcase>
</testsuite>